[14:36:22] [Render thread/INFO]: Environment: authHost='https://authserver.mojang.com', accountsHost='https://api.mojang.com', sessionHost='https://sessionserver.mojang.com', servicesHost='https://api.minecraftservices.com', name='PROD'
[14:36:23] [Render thread/INFO]: Setting user: excitedIcecream2
[14:36:23] [Render thread/WARN]: Skipping bad option: textBackgroundOpacity:
[14:36:23] [Render thread/INFO]: Backend library: LWJGL version 3.2.2 build 10
[14:36:24] [Render thread/INFO]: Narrator library for x64 successfully loaded
[14:36:24] [Render thread/INFO]: Reloading ResourceManager: Default
[14:36:27] [Render thread/INFO]: OpenAL initialized.
[14:36:27] [Render thread/INFO]: Sound engine started
[14:36:27] [Render thread/INFO]: Created: 1024x1024x4 minecraft:textures/atlas/blocks.png-atlas
[14:36:27] [Render thread/INFO]: Created: 256x128x4 minecraft:textures/atlas/signs.png-atlas
[14:36:27] [Render thread/INFO]: Created: 1024x512x4 minecraft:textures/atlas/banner_patterns.png-atlas
[14:36:27] [Render thread/INFO]: Created: 1024x512x4 minecraft:textures/atlas/shield_patterns.png-atlas
[14:36:27] [Render thread/INFO]: Created: 256x256x4 minecraft:textures/atlas/chest.png-atlas
[14:36:27] [Render thread/INFO]: Created: 512x256x4 minecraft:textures/atlas/beds.png-atlas
[14:36:27] [Render thread/INFO]: Created: 512x256x4 minecraft:textures/atlas/shulker_boxes.png-atlas
[14:36:27] [Render thread/INFO]: Created: 256x256x0 minecraft:textures/atlas/particles.png-atlas
[14:36:27] [Render thread/INFO]: Created: 256x256x0 minecraft:textures/atlas/paintings.png-atlas
[14:36:27] [Render thread/INFO]: Created: 256x128x0 minecraft:textures/atlas/mob_effects.png-atlas
[14:36:40] [Render thread/WARN]: Ambiguity between arguments [teleport, destination] and [teleport, targets] with inputs: [Player, 0123, @e, dd12be42-52a9-4a91-a8a1-11c01849e498]
[14:36:40] [Render thread/WARN]: Ambiguity between arguments [teleport, location] and [teleport, destination] with inputs: [0.1 -0.5 .9, 0 0 0]
[14:36:40] [Render thread/WARN]: Ambiguity between arguments [teleport, location] and [teleport, targets] with inputs: [0.1 -0.5 .9, 0 0 0]
[14:36:40] [Render thread/WARN]: Ambiguity between arguments [teleport, targets] and [teleport, destination] with inputs: [Player, 0123, dd12be42-52a9-4a91-a8a1-11c01849e498]
[14:36:40] [Render thread/WARN]: Ambiguity between arguments [teleport, targets, location] and [teleport, targets, destination] with inputs: [0.1 -0.5 .9, 0 0 0]
[14:36:40] [Render thread/INFO]: Reloading ResourceManager: Default
[14:36:40] [Render thread/INFO]: Loaded 7 recipes
[14:36:40] [Render thread/INFO]: Loaded 927 advancements
[14:36:40] [Render thread/INFO]: Environment: authHost='https://authserver.mojang.com', accountsHost='https://api.mojang.com', sessionHost='https://sessionserver.mojang.com', servicesHost='https://api.minecraftservices.com', name='PROD'
[14:36:40] [Server thread/INFO]: Starting integrated minecraft server version 1.16.5
[14:36:40] [Server thread/INFO]: Generating keypair
[14:36:42] [Server thread/INFO]: Preparing start region for dimension minecraft:overworld
[14:36:42] [Render thread/INFO]: Preparing spawn area: 0%
[14:36:43] [Render thread/INFO]: Preparing spawn area: 2%
[14:36:43] [Render thread/INFO]: Preparing spawn area: 8%
[14:36:44] [Render thread/INFO]: Preparing spawn area: 17%
[14:36:44] [Render thread/INFO]: Preparing spawn area: 26%
[14:36:45] [Render thread/INFO]: Preparing spawn area: 34%
[14:36:45] [Render thread/INFO]: Preparing spawn area: 48%
[14:36:46] [Render thread/INFO]: Preparing spawn area: 55%
[14:36:46] [Render thread/INFO]: Preparing spawn area: 64%
[14:36:47] [Render thread/INFO]: Preparing spawn area: 78%
[14:36:47] [Render thread/INFO]: Preparing spawn area: 89%
[14:36:47] [Render thread/INFO]: Time elapsed: 5344 ms
[14:36:48] [Server thread/INFO]: Changing view distance to 11, from 10
[14:36:48] [Server thread/INFO]: excitedIcecream2[local:E:36471e40] logged in with entity id 376 at (-248.5, 73.0, 243.5)
[14:36:48] [Server thread/INFO]: excitedIcecream2 joined the game
[14:36:48] [Server thread/INFO]: Saving and pausing game...
[14:36:48] [Server thread/INFO]: Saving chunks for level 'ServerLevel[New World]'/minecraft:overworld
[14:36:48] [Render thread/INFO]: Loaded 0 advancements
[14:36:49] [Server thread/INFO]: Saving chunks for level 'ServerLevel[New World]'/minecraft:the_nether
[14:36:49] [Server thread/INFO]: Saving chunks for level 'ServerLevel[New World]'/minecraft:the_end
[14:36:52] [Server thread/INFO]: <excitedIcecream2> re
[14:36:52] [Render thread/INFO]: [CHAT] <excitedIcecream2> re
[14:37:01] [Server thread/INFO]: Saving and pausing game...
[14:37:01] [Server thread/INFO]: Saving chunks for level 'ServerLevel[New World]'/minecraft:overworld
[14:37:01] [Server thread/INFO]: Saving chunks for level 'ServerLevel[New World]'/minecraft:the_nether
[14:37:01] [Server thread/INFO]: Saving chunks for level 'ServerLevel[New World]'/minecraft:the_end
[14:37:02] [Server thread/INFO]: excitedIcecream2 lost connection: Disconnected
[14:37:02] [Server thread/INFO]: excitedIcecream2 left the game
[14:37:02] [Server thread/INFO]: Stopping singleplayer server as player logged out
[14:37:02] [Server thread/INFO]: Stopping server
[14:37:02] [Server thread/INFO]: Saving players
[14:37:02] [Server thread/INFO]: Saving worlds
[14:37:02] [Server thread/INFO]: Saving chunks for level 'ServerLevel[New World]'/minecraft:overworld
[14:37:02] [Server thread/INFO]: ThreadedAnvilChunkStorage (New World): All chunks are saved
[14:37:02] [Server thread/INFO]: Saving chunks for level 'ServerLevel[New World]'/minecraft:the_nether
[14:37:02] [Server thread/INFO]: ThreadedAnvilChunkStorage (DIM-1): All chunks are saved
[14:37:02] [Server thread/INFO]: Saving chunks for level 'ServerLevel[New World]'/minecraft:the_end
[14:37:02] [Server thread/INFO]: ThreadedAnvilChunkStorage (DIM1): All chunks are saved
[14:37:02] [Server thread/INFO]: ThreadedAnvilChunkStorage (New World): All chunks are saved
[14:37:02] [Server thread/INFO]: ThreadedAnvilChunkStorage (DIM-1): All chunks are saved
[14:37:02] [Server thread/INFO]: ThreadedAnvilChunkStorage (DIM1): All chunks are saved
[14:37:03] [Render thread/INFO]: Stopping!
